<?xml version="1.0" encoding="UTF-8"?>
<!-- Generated by org.testng.reporters.JUnitXMLReporter -->
<testsuite ignored="0" hostname="DESKTOP-46BEBKF" failures="0" tests="7" name="Command line test" time="0.036" errors="0" timestamp="2022-03-31T21:34:32 COT">
  <testcase classname="lab.ManageDemandTest" name="test_AllOrdersFromBrazil" time="0.004"/>
  <testcase classname="lab.ManageDemandTest" name="test_AllOrdersFromColombian" time="0.0"/>
  <testcase classname="lab.ManageDemandTest" name="test_AllOrdersFromPeru" time="0.0"/>
  <testcase classname="lab.ManageDemandTest" name="test_NoOrders" time="0.0"/>
  <testcase classname="lab.ManageDemandTest" name="test_RandomOrders" time="0.001"/>
  <testcase classname="lab.ManageDemandTest" name="test_RandomOrdersByAdditional" time="0.0"/>
  <testcase classname="lab.ManageDemandTest" name="test_WrongCountryNames" time="0.001"/>
</testsuite> <!-- Command line test -->
