<?xml version="1.0" encoding="UTF-8"?>
<testng-results ignored="0" total="2" passed="2" failed="0" skipped="0">
  <reporter-output>
  </reporter-output>
  <suite started-at="2022-03-31T21:06:54 COT" name="Command line suite" finished-at="2022-03-31T21:06:54 COT" duration-ms="27">
    <groups>
    </groups>
    <test started-at="2022-03-31T21:06:54 COT" name="Command line test" finished-at="2022-03-31T21:06:54 COT" duration-ms="27">
      <class name="lab.ManageDemandTest">
        <test-method is-config="true" signature="setup()[pri:0, instance:lab.ManageDemandTest@76b0bfab]" started-at="2022-03-31T21:06:54 COT" name="setup" finished-at="2022-03-31T21:06:54 COT" duration-ms="9" status="PASS">
          <reporter-output>
          </reporter-output>
        </test-method> <!-- setup -->
        <test-method signature="test_AllOrdersFromPeru()[pri:0, instance:lab.ManageDemandTest@76b0bfab]" started-at="2022-03-31T21:06:54 COT" name="test_AllOrdersFromPeru" finished-at="2022-03-31T21:06:54 COT" duration-ms="3" status="PASS">
          <reporter-output>
          </reporter-output>
        </test-method> <!-- test_AllOrdersFromPeru -->
        <test-method signature="test_NoOrders()[pri:0, instance:lab.ManageDemandTest@76b0bfab]" started-at="2022-03-31T21:06:54 COT" name="test_NoOrders" finished-at="2022-03-31T21:06:54 COT" duration-ms="1" status="PASS">
          <reporter-output>
          </reporter-output>
        </test-method> <!-- test_NoOrders -->
      </class> <!-- lab.ManageDemandTest -->
    </test> <!-- Command line test -->
  </suite> <!-- Command line suite -->
</testng-results>
