<?xml version="1.0" encoding="UTF-8" ?>
<testsuite tests="7" failures="0" name="TestSuite" time="0.004" errors="0" skipped="0">
  <properties>
[...]
</properties>
  <testcase classname="lab.ManageDemandTest" name="test_AllOrdersFromBrazil" time="0.004"/>
  <testcase classname="lab.ManageDemandTest" name="test_AllOrdersFromColombian" time="0"/>
  <testcase classname="lab.ManageDemandTest" name="test_AllOrdersFromPeru" time="0"/>
  <testcase classname="lab.ManageDemandTest" name="test_NoOrders" time="0"/>
  <testcase classname="lab.ManageDemandTest" name="test_RandomOrders" time="0"/>
  <testcase classname="lab.ManageDemandTest" name="test_RandomOrdersByAdditional" time="0"/>
  <testcase classname="lab.ManageDemandTest" name="test_WrongCountryNames" time="0"/>
</testsuite>