<?xml version="1.0" encoding="UTF-8"?>
<testng-results ignored="0" total="7" passed="7" failed="0" skipped="0">
  <reporter-output>
  </reporter-output>
  <suite started-at="2022-03-31T21:34:32 COT" name="Command line suite" finished-at="2022-03-31T21:34:32 COT" duration-ms="36">
    <groups>
    </groups>
    <test started-at="2022-03-31T21:34:32 COT" name="Command line test" finished-at="2022-03-31T21:34:32 COT" duration-ms="36">
      <class name="lab.ManageDemandTest">
        <test-method is-config="true" signature="setup()[pri:0, instance:lab.ManageDemandTest@69a3d1d]" started-at="2022-03-31T21:34:32 COT" name="setup" finished-at="2022-03-31T21:34:32 COT" duration-ms="12" status="PASS">
          <reporter-output>
          </reporter-output>
        </test-method> <!-- setup -->
        <test-method signature="test_AllOrdersFromBrazil()[pri:0, instance:lab.ManageDemandTest@69a3d1d]" started-at="2022-03-31T21:34:32 COT" name="test_AllOrdersFromBrazil" finished-at="2022-03-31T21:34:32 COT" duration-ms="4" status="PASS">
          <reporter-output>
          </reporter-output>
        </test-method> <!-- test_AllOrdersFromBrazil -->
        <test-method signature="test_AllOrdersFromColombian()[pri:0, instance:lab.ManageDemandTest@69a3d1d]" started-at="2022-03-31T21:34:32 COT" name="test_AllOrdersFromColombian" finished-at="2022-03-31T21:34:32 COT" duration-ms="0" status="PASS">
          <reporter-output>
          </reporter-output>
        </test-method> <!-- test_AllOrdersFromColombian -->
        <test-method signature="test_NoOrders()[pri:0, instance:lab.ManageDemandTest@69a3d1d]" started-at="2022-03-31T21:34:32 COT" name="test_NoOrders" finished-at="2022-03-31T21:34:32 COT" duration-ms="0" status="PASS">
          <reporter-output>
          </reporter-output>
        </test-method> <!-- test_NoOrders -->
        <test-method signature="test_RandomOrders()[pri:0, instance:lab.ManageDemandTest@69a3d1d]" started-at="2022-03-31T21:34:32 COT" name="test_RandomOrders" finished-at="2022-03-31T21:34:32 COT" duration-ms="1" status="PASS">
          <reporter-output>
          </reporter-output>
        </test-method> <!-- test_RandomOrders -->
        <test-method signature="test_AllOrdersFromPeru()[pri:0, instance:lab.ManageDemandTest@69a3d1d]" started-at="2022-03-31T21:34:32 COT" name="test_AllOrdersFromPeru" finished-at="2022-03-31T21:34:32 COT" duration-ms="0" status="PASS">
          <reporter-output>
          </reporter-output>
        </test-method> <!-- test_AllOrdersFromPeru -->
        <test-method signature="test_RandomOrdersByAdditional()[pri:0, instance:lab.ManageDemandTest@69a3d1d]" started-at="2022-03-31T21:34:32 COT" name="test_RandomOrdersByAdditional" finished-at="2022-03-31T21:34:32 COT" duration-ms="0" status="PASS">
          <reporter-output>
          </reporter-output>
        </test-method> <!-- test_RandomOrdersByAdditional -->
        <test-method signature="test_WrongCountryNames()[pri:0, instance:lab.ManageDemandTest@69a3d1d]" started-at="2022-03-31T21:34:32 COT" name="test_WrongCountryNames" finished-at="2022-03-31T21:34:32 COT" duration-ms="1" status="PASS">
          <reporter-output>
          </reporter-output>
        </test-method> <!-- test_WrongCountryNames -->
      </class> <!-- lab.ManageDemandTest -->
    </test> <!-- Command line test -->
  </suite> <!-- Command line suite -->
</testng-results>
